<?xml version="1.0" encoding="UTF-8"?>
<coverage generated="1742990747865" clover="3.2.0">
  <project timestamp="1742990747865" name="All files">
    <metrics statements="63" coveredstatements="23" conditionals="17" coveredconditionals="5" methods="9" coveredmethods="1" elements="89" coveredelements="29" complexity="0" loc="63" ncloc="63" packages="2" files="2" classes="2"/>
    <package name="components.ui">
      <metrics statements="24" coveredstatements="19" conditionals="5" coveredconditionals="5" methods="0" coveredmethods="0"/>
      <file name="select.tsx" path="/home/pro/Documents/work/cyads/components/ui/select.tsx">
        <metrics statements="24" coveredstatements="19" conditionals="5" coveredconditionals="5" methods="0" coveredmethods="0"/>
        <line num="3" count="1" type="stmt"/>
        <line num="4" count="1" type="stmt"/>
        <line num="5" count="1" type="stmt"/>
        <line num="6" count="1" type="stmt"/>
        <line num="8" count="1" type="stmt"/>
        <line num="10" count="1" type="stmt"/>
        <line num="12" count="1" type="stmt"/>
        <line num="37" count="1" type="stmt"/>
        <line num="56" count="1" type="stmt"/>
        <line num="70" count="1" type="stmt"/>
        <line num="108" count="1" type="stmt"/>
        <line num="125" count="1" type="stmt"/>
        <line num="152" count="1" type="stmt"/>
        <line num="169" count="1" type="stmt"/>
        <line num="172" count="4" type="stmt"/>
        <line num="173" count="0" type="stmt"/>
        <line num="174" count="4" type="stmt"/>
        <line num="175" count="4" type="stmt"/>
        <line num="176" count="4" type="stmt"/>
        <line num="177" count="0" type="stmt"/>
        <line num="178" count="8" type="stmt"/>
        <line num="179" count="0" type="stmt"/>
        <line num="180" count="0" type="stmt"/>
        <line num="181" count="0" type="stmt"/>
      </file>
    </package>
    <package name="lib">
      <metrics statements="39" coveredstatements="4" conditionals="12" coveredconditionals="0" methods="9" coveredmethods="1"/>
      <file name="utils.js" path="/home/pro/Documents/work/cyads/lib/utils.js">
        <metrics statements="39" coveredstatements="4" conditionals="12" coveredconditionals="0" methods="9" coveredmethods="1"/>
        <line num="1" count="1" type="stmt"/>
        <line num="2" count="1" type="stmt"/>
        <line num="4" count="40" type="stmt"/>
        <line num="5" count="40" type="stmt"/>
        <line num="8" count="0" type="cond" truecount="0" falsecount="1"/>
        <line num="9" count="0" type="stmt"/>
        <line num="15" count="0" type="stmt"/>
        <line num="16" count="0" type="stmt"/>
        <line num="23" count="0" type="stmt"/>
        <line num="24" count="0" type="cond" truecount="0" falsecount="1"/>
        <line num="25" count="0" type="cond" truecount="0" falsecount="2"/>
        <line num="28" count="0" type="stmt"/>
        <line num="29" count="0" type="cond" truecount="0" falsecount="1"/>
        <line num="30" count="0" type="cond" truecount="0" falsecount="1"/>
        <line num="31" count="0" type="stmt"/>
        <line num="34" count="0" type="stmt"/>
        <line num="35" count="0" type="stmt"/>
        <line num="43" count="0" type="stmt"/>
        <line num="44" count="0" type="cond" truecount="0" falsecount="1"/>
        <line num="45" count="0" type="stmt"/>
        <line num="47" count="0" type="stmt"/>
        <line num="52" count="0" type="stmt"/>
        <line num="53" count="0" type="stmt"/>
        <line num="55" count="0" type="stmt"/>
        <line num="56" count="0" type="cond" truecount="0" falsecount="1"/>
        <line num="57" count="0" type="stmt"/>
        <line num="60" count="0" type="stmt"/>
        <line num="61" count="0" type="cond" truecount="0" falsecount="1"/>
        <line num="62" count="0" type="stmt"/>
        <line num="65" count="0" type="stmt"/>
        <line num="66" count="0" type="cond" truecount="0" falsecount="1"/>
        <line num="67" count="0" type="stmt"/>
        <line num="70" count="0" type="stmt"/>
        <line num="71" count="0" type="cond" truecount="0" falsecount="1"/>
        <line num="72" count="0" type="stmt"/>
        <line num="75" count="0" type="stmt"/>
        <line num="76" count="0" type="cond" truecount="0" falsecount="1"/>
        <line num="77" count="0" type="stmt"/>
        <line num="80" count="0" type="stmt"/>
      </file>
    </package>
  </project>
</coverage>
