{"/home/pro/Documents/work/cyads/components/ui/select.tsx": {"path":"/home/pro/Documents/work/cyads/components/ui/select.tsx","statementMap":{"0":{"start":{"line":172,"column":2},"end":{"line":172,"column":8}},"1":{"start":{"line":176,"column":2},"end":{"line":176,"column":15}},"2":{"start":{"line":173,"column":2},"end":{"line":173,"column":13}},"3":{"start":{"line":178,"column":2},"end":{"line":178,"column":12}},"4":{"start":{"line":177,"column":2},"end":{"line":177,"column":13}},"5":{"start":{"line":181,"column":2},"end":{"line":181,"column":24}},"6":{"start":{"line":180,"column":2},"end":{"line":180,"column":22}},"7":{"start":{"line":179,"column":2},"end":{"line":179,"column":17}},"8":{"start":{"line":175,"column":2},"end":{"line":175,"column":15}},"9":{"start":{"line":174,"column":2},"end":{"line":174,"column":13}},"10":{"start":{"line":3,"column":23},"end":{"line":3,"column":null}},"11":{"start":{"line":4,"column":33},"end":{"line":4,"column":null}},"12":{"start":{"line":5,"column":46},"end":{"line":5,"column":null}},"13":{"start":{"line":6,"column":19},"end":{"line":6,"column":null}},"14":{"start":{"line":8,"column":15},"end":{"line":8,"column":35}},"15":{"start":{"line":10,"column":20},"end":{"line":10,"column":41}},"16":{"start":{"line":12,"column":20},"end":{"line":12,"column":41}},"17":{"start":{"line":37,"column":0},"end":{"line":37,"column":null}},"18":{"start":{"line":56,"column":0},"end":{"line":56,"column":null}},"19":{"start":{"line":70,"column":0},"end":{"line":70,"column":null}},"20":{"start":{"line":108,"column":0},"end":{"line":108,"column":null}},"21":{"start":{"line":125,"column":0},"end":{"line":125,"column":null}},"22":{"start":{"line":152,"column":0},"end":{"line":152,"column":null}},"23":{"start":{"line":169,"column":0},"end":{"line":169,"column":null}}},"fnMap":{},"branchMap":{"0":{"loc":{"start":{"line":81,"column":26},"end":{"line":81,"column":45}},"type":"default-arg","locations":[{"start":{"line":81,"column":37},"end":{"line":81,"column":45}}]},"1":{"loc":{"start":{"line":87,"column":8},"end":{"line":88,"column":null}},"type":"binary-expr","locations":[{"start":{"line":87,"column":8},"end":{"line":87,"column":null}},{"start":{"line":88,"column":10},"end":{"line":88,"column":null}}]},"2":{"loc":{"start":{"line":98,"column":10},"end":{"line":99,"column":null}},"type":"binary-expr","locations":[{"start":{"line":98,"column":10},"end":{"line":98,"column":null}},{"start":{"line":99,"column":12},"end":{"line":99,"column":null}}]}},"s":{"0":4,"1":4,"2":0,"3":8,"4":0,"5":0,"6":0,"7":0,"8":4,"9":4,"10":1,"11":1,"12":1,"13":1,"14":1,"15":1,"16":1,"17":1,"18":1,"19":1,"20":1,"21":1,"22":1,"23":1},"f":{},"b":{"0":[4],"1":[4,4],"2":[4,4]}}
,"/home/pro/Documents/work/cyads/lib/utils.js": {"path":"/home/pro/Documents/work/cyads/lib/utils.js","statementMap":{"0":{"start":{"line":4,"column":16},"end":{"line":4,"column":18}},"1":{"start":{"line":15,"column":16},"end":{"line":15,"column":26}},"2":{"start":{"line":8,"column":16},"end":{"line":8,"column":27}},"3":{"start":{"line":28,"column":16},"end":{"line":28,"column":27}},"4":{"start":{"line":43,"column":16},"end":{"line":43,"column":27}},"5":{"start":{"line":34,"column":16},"end":{"line":34,"column":23}},"6":{"start":{"line":52,"column":16},"end":{"line":52,"column":23}},"7":{"start":{"line":23,"column":16},"end":{"line":23,"column":24}},"8":{"start":{"line":1,"column":21},"end":{"line":1,"column":null}},"9":{"start":{"line":2,"column":24},"end":{"line":2,"column":null}},"10":{"start":{"line":5,"column":2},"end":{"line":5,"column":null}},"11":{"start":{"line":9,"column":2},"end":{"line":12,"column":null}},"12":{"start":{"line":16,"column":2},"end":{"line":20,"column":null}},"13":{"start":{"line":24,"column":2},"end":{"line":24,"column":null}},"14":{"start":{"line":24,"column":12},"end":{"line":24,"column":null}},"15":{"start":{"line":25,"column":2},"end":{"line":25,"column":null}},"16":{"start":{"line":29,"column":2},"end":{"line":29,"column":null}},"17":{"start":{"line":29,"column":13},"end":{"line":29,"column":null}},"18":{"start":{"line":30,"column":2},"end":{"line":30,"column":null}},"19":{"start":{"line":30,"column":31},"end":{"line":30,"column":null}},"20":{"start":{"line":31,"column":2},"end":{"line":31,"column":null}},"21":{"start":{"line":35,"column":2},"end":{"line":40,"column":null}},"22":{"start":{"line":44,"column":2},"end":{"line":44,"column":null}},"23":{"start":{"line":44,"column":13},"end":{"line":44,"column":null}},"24":{"start":{"line":45,"column":2},"end":{"line":49,"column":null}},"25":{"start":{"line":47,"column":17},"end":{"line":47,"column":24}},"26":{"start":{"line":53,"column":18},"end":{"line":53,"column":null}},"27":{"start":{"line":55,"column":17},"end":{"line":55,"column":null}},"28":{"start":{"line":56,"column":2},"end":{"line":58,"column":null}},"29":{"start":{"line":57,"column":4},"end":{"line":57,"column":null}},"30":{"start":{"line":60,"column":2},"end":{"line":60,"column":null}},"31":{"start":{"line":61,"column":2},"end":{"line":63,"column":null}},"32":{"start":{"line":62,"column":4},"end":{"line":62,"column":null}},"33":{"start":{"line":65,"column":2},"end":{"line":65,"column":null}},"34":{"start":{"line":66,"column":2},"end":{"line":68,"column":null}},"35":{"start":{"line":67,"column":4},"end":{"line":67,"column":null}},"36":{"start":{"line":70,"column":2},"end":{"line":70,"column":null}},"37":{"start":{"line":71,"column":2},"end":{"line":73,"column":null}},"38":{"start":{"line":72,"column":4},"end":{"line":72,"column":null}},"39":{"start":{"line":75,"column":2},"end":{"line":75,"column":null}},"40":{"start":{"line":76,"column":2},"end":{"line":78,"column":null}},"41":{"start":{"line":77,"column":4},"end":{"line":77,"column":null}},"42":{"start":{"line":80,"column":2},"end":{"line":80,"column":null}}},"fnMap":{"0":{"name":"cn","decl":{"start":{"line":4,"column":16},"end":{"line":4,"column":18}},"loc":{"start":{"line":4,"column":28},"end":{"line":6,"column":null}}},"1":{"name":"formatPrice","decl":{"start":{"line":8,"column":16},"end":{"line":8,"column":27}},"loc":{"start":{"line":8,"column":51},"end":{"line":13,"column":null}}},"2":{"name":"formatDate","decl":{"start":{"line":15,"column":16},"end":{"line":15,"column":26}},"loc":{"start":{"line":15,"column":31},"end":{"line":21,"column":null}}},"3":{"name":"truncate","decl":{"start":{"line":23,"column":16},"end":{"line":23,"column":24}},"loc":{"start":{"line":23,"column":36},"end":{"line":26,"column":null}}},"4":{"name":"getImageUrl","decl":{"start":{"line":28,"column":16},"end":{"line":28,"column":27}},"loc":{"start":{"line":28,"column":32},"end":{"line":32,"column":null}}},"5":{"name":"slugify","decl":{"start":{"line":34,"column":16},"end":{"line":34,"column":23}},"loc":{"start":{"line":34,"column":27},"end":{"line":41,"column":null}}},"6":{"name":"getInitials","decl":{"start":{"line":43,"column":16},"end":{"line":43,"column":27}},"loc":{"start":{"line":43,"column":32},"end":{"line":50,"column":null}}},"7":{"name":"(anonymous_16)","decl":{"start":{"line":47,"column":9},"end":{"line":47,"column":17}},"loc":{"start":{"line":47,"column":17},"end":{"line":47,"column":24}}},"8":{"name":"timeAgo","decl":{"start":{"line":52,"column":16},"end":{"line":52,"column":23}},"loc":{"start":{"line":52,"column":28},"end":{"line":81,"column":null}}}},"branchMap":{"0":{"loc":{"start":{"line":8,"column":35},"end":{"line":8,"column":51}},"type":"default-arg","locations":[{"start":{"line":8,"column":46},"end":{"line":8,"column":51}}]},"1":{"loc":{"start":{"line":24,"column":2},"end":{"line":24,"column":null}},"type":"if","locations":[{"start":{"line":24,"column":2},"end":{"line":24,"column":null}}]},"2":{"loc":{"start":{"line":25,"column":9},"end":{"line":25,"column":null}},"type":"cond-expr","locations":[{"start":{"line":25,"column":31},"end":{"line":25,"column":63}},{"start":{"line":25,"column":66},"end":{"line":25,"column":null}}]},"3":{"loc":{"start":{"line":29,"column":2},"end":{"line":29,"column":null}},"type":"if","locations":[{"start":{"line":29,"column":2},"end":{"line":29,"column":null}}]},"4":{"loc":{"start":{"line":30,"column":2},"end":{"line":30,"column":null}},"type":"if","locations":[{"start":{"line":30,"column":2},"end":{"line":30,"column":null}}]},"5":{"loc":{"start":{"line":44,"column":2},"end":{"line":44,"column":null}},"type":"if","locations":[{"start":{"line":44,"column":2},"end":{"line":44,"column":null}}]},"6":{"loc":{"start":{"line":56,"column":2},"end":{"line":58,"column":null}},"type":"if","locations":[{"start":{"line":56,"column":2},"end":{"line":58,"column":null}}]},"7":{"loc":{"start":{"line":61,"column":2},"end":{"line":63,"column":null}},"type":"if","locations":[{"start":{"line":61,"column":2},"end":{"line":63,"column":null}}]},"8":{"loc":{"start":{"line":66,"column":2},"end":{"line":68,"column":null}},"type":"if","locations":[{"start":{"line":66,"column":2},"end":{"line":68,"column":null}}]},"9":{"loc":{"start":{"line":71,"column":2},"end":{"line":73,"column":null}},"type":"if","locations":[{"start":{"line":71,"column":2},"end":{"line":73,"column":null}}]},"10":{"loc":{"start":{"line":76,"column":2},"end":{"line":78,"column":null}},"type":"if","locations":[{"start":{"line":76,"column":2},"end":{"line":78,"column":null}}]}},"s":{"0":40,"1":0,"2":0,"3":0,"4":0,"5":0,"6":0,"7":0,"8":1,"9":1,"10":40,"11":0,"12":0,"13":0,"14":0,"15":0,"16":0,"17":0,"18":0,"19":0,"20":0,"21":0,"22":0,"23":0,"24":0,"25":0,"26":0,"27":0,"28":0,"29":0,"30":0,"31":0,"32":0,"33":0,"34":0,"35":0,"36":0,"37":0,"38":0,"39":0,"40":0,"41":0,"42":0},"f":{"0":40,"1":0,"2":0,"3":0,"4":0,"5":0,"6":0,"7":0,"8":0},"b":{"0":[0],"1":[0],"2":[0,0],"3":[0],"4":[0],"5":[0],"6":[0],"7":[0],"8":[0],"9":[0],"10":[0]}}
}
