TN:
SF:components/ui/button.tsx
FN:43,(anonymous_6)
FNF:1
FNH:1
FNDA:19,(anonymous_6)
DA:1,1
DA:2,1
DA:3,1
DA:5,1
DA:42,1
DA:44,19
DA:72,1
DA:74,19
LF:8
LH:8
BRDA:43,0,0,18
BRDA:44,1,0,1
BRDA:44,1,1,18
BRDA:47,2,0,1
BRDA:47,2,1,18
BRDA:50,3,0,1
BRDA:50,3,1,18
BRDA:51,4,0,1
BRDA:51,4,1,18
BRDA:51,5,0,18
BRDA:51,5,1,16
BRDA:55,6,0,2
BRDA:64,7,0,17
BRF:13
BRH:13
end_of_record
TN:
SF:components/ui/input.tsx
FN:9,(anonymous_4)
FNF:1
FNH:1
FNDA:10,(anonymous_4)
DA:3,1
DA:4,1
DA:8,1
DA:24,1
DA:26,10
LF:5
LH:5
BRDA:16,0,0,1
BRDA:16,0,1,9
BRF:2
BRH:2
end_of_record
TN:
SF:components/ui/select.tsx
FNF:0
FNH:0
DA:3,1
DA:4,1
DA:5,1
DA:6,1
DA:8,1
DA:10,1
DA:12,1
DA:37,1
DA:56,1
DA:70,1
DA:108,1
DA:125,1
DA:152,1
DA:169,1
DA:172,4
DA:173,0
DA:174,4
DA:175,4
DA:176,4
DA:177,0
DA:178,8
DA:179,0
DA:180,0
DA:181,0
LF:24
LH:19
BRDA:81,0,0,4
BRDA:87,1,0,4
BRDA:87,1,1,4
BRDA:98,2,0,4
BRDA:98,2,1,4
BRF:5
BRH:5
end_of_record
TN:
SF:lib/utils.js
FN:4,cn
FN:8,formatPrice
FN:15,formatDate
FN:29,truncate
FN:34,getImageUrl
FN:40,slugify
FN:49,debounce
FN:51,(anonymous_17)
FN:54,(anonymous_18)
FN:58,getInitials
FN:62,(anonymous_20)
FN:67,timeAgo
FNF:12
FNH:12
FNDA:70,cn
FNDA:4,formatPrice
FNDA:3,formatDate
FNDA:4,truncate
FNDA:3,getImageUrl
FNDA:4,slugify
FNDA:2,debounce
FNDA:4,(anonymous_17)
FNDA:2,(anonymous_18)
FNDA:4,getInitials
FNDA:5,(anonymous_20)
FNDA:6,timeAgo
DA:1,4
DA:2,4
DA:4,70
DA:5,70
DA:8,4
DA:9,4
DA:15,3
DA:16,3
DA:17,3
DA:18,3
DA:19,2
DA:25,0
DA:29,4
DA:30,4
DA:31,2
DA:34,3
DA:35,3
DA:36,2
DA:37,1
DA:40,4
DA:41,4
DA:49,2
DA:51,2
DA:52,4
DA:53,4
DA:54,4
DA:58,4
DA:59,4
DA:60,2
DA:62,5
DA:67,6
DA:68,6
DA:70,6
DA:71,6
DA:72,1
DA:75,5
DA:76,5
DA:77,1
DA:78,1
DA:81,4
DA:82,4
DA:83,1
DA:86,3
DA:87,3
DA:88,1
DA:91,2
DA:92,2
DA:93,1
DA:96,1
LF:49
LH:48
BRDA:8,0,0,2
BRDA:18,1,0,1
BRDA:30,2,0,2
BRDA:31,3,0,1
BRDA:31,3,1,1
BRDA:35,4,0,1
BRDA:36,5,0,1
BRDA:59,6,0,2
BRDA:71,7,0,1
BRDA:76,8,0,1
BRDA:78,9,0,1
BRDA:78,9,1,0
BRDA:82,10,0,1
BRDA:87,11,0,1
BRDA:92,12,0,1
BRF:15
BRH:14
end_of_record
