TN:
SF:components/ui/select.tsx
FNF:0
FNH:0
DA:3,1
DA:4,1
DA:5,1
DA:6,1
DA:8,1
DA:10,1
DA:12,1
DA:37,1
DA:56,1
DA:70,1
DA:108,1
DA:125,1
DA:152,1
DA:169,1
DA:172,4
DA:173,0
DA:174,4
DA:175,4
DA:176,4
DA:177,0
DA:178,8
DA:179,0
DA:180,0
DA:181,0
LF:24
LH:19
BRDA:81,0,0,4
BRDA:87,1,0,4
BRDA:87,1,1,4
BRDA:98,2,0,4
BRDA:98,2,1,4
BRF:5
BRH:5
end_of_record
TN:
SF:lib/utils.js
FN:4,cn
FN:8,formatPrice
FN:15,formatDate
FN:23,truncate
FN:28,getImageUrl
FN:34,slugify
FN:43,getInitials
FN:47,(anonymous_16)
FN:52,timeAgo
FNF:9
FNH:1
FNDA:40,cn
FNDA:0,formatPrice
FNDA:0,formatDate
FNDA:0,truncate
FNDA:0,getImageUrl
FNDA:0,slugify
FNDA:0,getInitials
FNDA:0,(anonymous_16)
FNDA:0,timeAgo
DA:1,1
DA:2,1
DA:4,40
DA:5,40
DA:8,0
DA:9,0
DA:15,0
DA:16,0
DA:23,0
DA:24,0
DA:25,0
DA:28,0
DA:29,0
DA:30,0
DA:31,0
DA:34,0
DA:35,0
DA:43,0
DA:44,0
DA:45,0
DA:47,0
DA:52,0
DA:53,0
DA:55,0
DA:56,0
DA:57,0
DA:60,0
DA:61,0
DA:62,0
DA:65,0
DA:66,0
DA:67,0
DA:70,0
DA:71,0
DA:72,0
DA:75,0
DA:76,0
DA:77,0
DA:80,0
LF:39
LH:4
BRDA:8,0,0,0
BRDA:24,1,0,0
BRDA:25,2,0,0
BRDA:25,2,1,0
BRDA:29,3,0,0
BRDA:30,4,0,0
BRDA:44,5,0,0
BRDA:56,6,0,0
BRDA:61,7,0,0
BRDA:66,8,0,0
BRDA:71,9,0,0
BRDA:76,10,0,0
BRF:12
BRH:0
end_of_record
